[2016-08-12 16:28:08] slim-app.INFO: My logger is now ready [] []
[2016-08-12 16:28:08] slim-app.INFO: My logger is now ready [] []
[2016-08-17 12:22:38] slim-app.INFO: My logger is now ready [] []
[2016-08-17 12:23:12] slim-app.INFO: My logger is now ready [] []
[2016-08-17 12:23:12] slim-app.INFO: My logger is now ready [] []
[2016-08-17 12:27:38] slim-app.INFO: My logger is now ready [] []
[2016-08-17 12:27:39] slim-app.INFO: My logger is now ready [] []
[2016-08-17 12:29:05] slim-app.INFO: My logger is now ready [] []
[2016-08-17 12:29:05] slim-app.DEBUG: REQ : [GET] entites/ -  [] []
[2016-08-17 12:31:09] slim-app.INFO: My logger is now ready [] []
[2016-08-17 12:31:09] slim-app.DEBUG: REQ : [get] entites/ -  [] []
[2016-08-17 12:31:23] slim-app.INFO: My logger is now ready [] []
[2016-08-17 12:31:23] slim-app.DEBUG: REQ : [get] entites/ -  [] []
[2016-08-17 12:32:38] slim-app.INFO: My logger is now ready [] []
[2016-08-17 12:32:38] slim-app.DEBUG: REQ : [get] entites/ -  [] []
[2016-08-17 12:32:38] slim-app.DEBUG: Headers : http://185.30.92.167:8081/bovimarket/api/;Array;> 4) Name: 'http_errors', Function: callable(000000004bca36f9000000017ea61591) > 3) Name: 'allow_redirects', Function: callable(000000004bca36fa000000017ea61591) > 2) Name: 'cookies', Function: callable(000000004bca36fb000000017ea61591) > 1) Name: 'prepare_body', Function: callable(000000004bca36f4000000017ea61591) < 0) Handler: callable(000000004bca36f8000000017ea61591) < 1) Name: 'prepare_body', Function: callable(000000004bca36f4000000017ea61591) < 2) Name: 'cookies', Function: callable(000000004bca36fb000000017ea61591) < 3) Name: 'allow_redirects', Function: callable(000000004bca36fa000000017ea61591) < 4) Name: 'http_errors', Function: callable(000000004bca36f9000000017ea61591) ;Array;1;1;1; [] []
[2016-08-17 13:50:06] slim-app.INFO: My logger is now ready [] []
[2016-08-17 13:50:06] slim-app.DEBUG: REQ : [get] entites/ -  [] []
[2016-08-17 13:50:06] slim-app.DEBUG: Headers : http://185.30.92.167:8081/bovimarket/api/;Array;> 4) Name: 'http_errors', Function: callable(000000005c31c865000000017db833aa) > 3) Name: 'allow_redirects', Function: callable(000000005c31c866000000017db833aa) > 2) Name: 'cookies', Function: callable(000000005c31c867000000017db833aa) > 1) Name: 'prepare_body', Function: callable(000000005c31c868000000017db833aa) < 0) Handler: callable(000000005c31c864000000017db833aa) < 1) Name: 'prepare_body', Function: callable(000000005c31c868000000017db833aa) < 2) Name: 'cookies', Function: callable(000000005c31c867000000017db833aa) < 3) Name: 'allow_redirects', Function: callable(000000005c31c866000000017db833aa) < 4) Name: 'http_errors', Function: callable(000000005c31c865000000017db833aa) ;Array;1;1;1; [] []
[2016-08-17 13:55:26] slim-app.INFO: My logger is now ready [] []
[2016-08-17 13:55:26] slim-app.DEBUG: REQ : [get] entites/ -  [] []
[2016-08-17 13:55:26] slim-app.DEBUG: Headers : http://185.30.92.167:8081/bovimarket/api/; Array; > 4) Name: 'http_errors', Function: callable(000000002db92b1500000001261ca820) > 3) Name: 'allow_redirects', Function: callable(000000002db92b1600000001261ca820) > 2) Name: 'cookies', Function: callable(000000002db92b1700000001261ca820) > 1) Name: 'prepare_body', Function: callable(000000002db92b1800000001261ca820) < 0) Handler: callable(000000002db92b1400000001261ca820) < 1) Name: 'prepare_body', Function: callable(000000002db92b1800000001261ca820) < 2) Name: 'cookies', Function: callable(000000002db92b1700000001261ca820) < 3) Name: 'allow_redirects', Function: callable(000000002db92b1600000001261ca820) < 4) Name: 'http_errors', Function: callable(000000002db92b1500000001261ca820) ; Array; 1; 1; 1;  [] []
[2016-08-17 13:56:19] slim-app.INFO: My logger is now ready [] []
[2016-08-17 13:56:19] slim-app.DEBUG: REQ : [get] entites/ -  [] []
[2016-08-17 13:56:19] slim-app.DEBUG: Headers : Array [] []
[2016-08-17 14:00:06] slim-app.INFO: My logger is now ready [] []
[2016-08-17 14:00:06] slim-app.DEBUG: REQ : [get] entites/ -  [] []
[2016-08-17 14:00:06] slim-app.DEBUG: Headers : Array [] []
[2016-08-17 14:00:27] slim-app.INFO: My logger is now ready [] []
[2016-08-17 14:00:27] slim-app.DEBUG: REQ : [get] entites/ -  [] []
[2016-08-17 14:00:27] slim-app.DEBUG: Headers : Array [] []
[2016-08-17 14:16:53] slim-app.INFO: My logger is now ready [] []
[2016-08-17 14:16:53] slim-app.DEBUG: REQ : [get] entites/ -  [] []
[2016-08-17 14:16:53] slim-app.DEBUG: Headers : Array [] []
[2016-08-17 14:17:03] slim-app.INFO: My logger is now ready [] []
[2016-08-17 14:17:03] slim-app.DEBUG: REQ : [get] entites/ -  [] []
[2016-08-17 14:17:03] slim-app.DEBUG: Headers : Array [] []
[2016-08-17 14:17:10] slim-app.INFO: My logger is now ready [] []
[2016-08-17 14:17:10] slim-app.DEBUG: REQ : [get] entites/ -  [] []
[2016-08-17 14:17:10] slim-app.DEBUG: Headers : Array [] []
[2016-08-17 14:17:52] slim-app.INFO: My logger is now ready [] []
[2016-08-17 14:17:53] slim-app.DEBUG: REQ : [get] entites/ -  [] []
[2016-08-17 14:17:53] slim-app.DEBUG: Headers : Array [] []
[2016-08-17 14:17:53] slim-app.INFO: My logger is now ready [] []
[2016-08-17 14:18:00] slim-app.INFO: My logger is now ready [] []
[2016-08-17 14:18:00] slim-app.INFO: My logger is now ready [] []
[2016-08-17 14:18:01] slim-app.INFO: My logger is now ready [] []
[2016-08-17 14:18:02] slim-app.INFO: My logger is now ready [] []
[2016-08-17 14:18:05] slim-app.INFO: My logger is now ready [] []
[2016-08-17 14:18:36] slim-app.INFO: My logger is now ready [] []
[2016-08-17 14:18:41] slim-app.INFO: My logger is now ready [] []
[2016-08-17 14:19:17] slim-app.INFO: My logger is now ready [] []
[2016-08-17 14:19:20] slim-app.INFO: My logger is now ready [] []
[2016-08-17 14:20:02] slim-app.INFO: My logger is now ready [] []
[2016-08-17 14:20:24] slim-app.INFO: My logger is now ready [] []
[2016-08-17 14:20:43] slim-app.INFO: My logger is now ready [] []
[2016-08-17 14:20:43] slim-app.INFO: My logger is now ready [] []
[2016-08-17 14:21:06] slim-app.INFO: My logger is now ready [] []
[2016-08-17 14:21:40] slim-app.INFO: My logger is now ready [] []
[2016-08-17 14:21:52] slim-app.INFO: My logger is now ready [] []
[2016-08-17 14:28:50] slim-app.INFO: My logger is now ready [] []
[2016-08-17 14:29:39] slim-app.INFO: My logger is now ready [] []
[2016-08-17 14:31:52] slim-app.INFO: My logger is now ready [] []
[2016-08-17 14:32:26] slim-app.INFO: My logger is now ready [] []
[2016-08-17 14:32:26] slim-app.INFO: My logger is now ready [] []
[2016-08-17 14:32:27] slim-app.INFO: My logger is now ready [] []
[2016-08-17 14:32:27] slim-app.INFO: My logger is now ready [] []
[2016-08-17 14:32:27] slim-app.INFO: My logger is now ready [] []
[2016-08-17 14:32:28] slim-app.INFO: My logger is now ready [] []
[2016-08-17 14:32:28] slim-app.INFO: My logger is now ready [] []
[2016-08-17 14:35:44] slim-app.INFO: My logger is now ready [] []
[2016-08-17 14:36:08] slim-app.INFO: My logger is now ready [] []
[2016-08-17 14:36:34] slim-app.INFO: My logger is now ready [] []
[2016-08-17 14:36:47] slim-app.INFO: My logger is now ready [] []
[2016-08-17 14:37:47] slim-app.INFO: My logger is now ready [] []
[2016-08-17 14:39:32] slim-app.INFO: My logger is now ready [] []
[2016-08-17 14:40:46] slim-app.INFO: My logger is now ready [] []
[2016-08-17 14:40:48] slim-app.INFO: My logger is now ready [] []
[2016-08-17 14:43:08] slim-app.INFO: My logger is now ready [] []
[2016-08-17 15:15:04] slim-app.INFO: My logger is now ready [] []
[2016-08-17 15:24:07] slim-app.INFO: My logger is now ready [] []
